[2019-09-11 17:47:30,607][restartedMain][INFO][com.soft.eva.EvaApplication:50] Starting EvaApplication on DESKTOP-48VNP6J with PID 33584 (F:\TWpro\ses\target\classes started by rumei in F:\TWpro\ses)
[2019-09-11 17:47:30,711][restartedMain][INFO][com.soft.eva.EvaApplication:679] The following profiles are active: product
[2019-09-11 17:47:30,800][restartedMain][INFO][org.springframework.boot.devtools.env.DevToolsPropertyDefaultsPostProcessor:227] Devtools property defaults active! Set 'spring.devtools.add-properties' to 'false' to disable
[2019-09-11 17:47:30,801][restartedMain][INFO][org.springframework.boot.devtools.env.DevToolsPropertyDefaultsPostProcessor:227] For additional web related logging consider setting the 'logging.level.web' property to 'DEBUG'
[2019-09-11 17:47:32,391][restartedMain][INFO][org.springframework.data.repository.config.RepositoryConfigurationDelegate:126] Bootstrapping Spring Data repositories in DEFAULT mode.
[2019-09-11 17:47:32,422][restartedMain][INFO][org.springframework.data.repository.config.RepositoryConfigurationDelegate:182] Finished Spring Data repository scanning in 24ms. Found 0 repository interfaces.
[2019-09-11 17:47:33,120][restartedMain][INFO][org.springframework.context.support.PostProcessorRegistrationDelegate$BeanPostProcessorChecker:330] Bean 'org.springframework.transaction.annotation.ProxyTransactionManagementConfiguration' of type [org.springframework.transaction.annotation.ProxyTransactionManagementConfiguration$$EnhancerBySpringCGLIB$$61b8bddc] is not eligible for getting processed by all BeanPostProcessors (for example: not eligible for auto-proxying)
[2019-09-11 17:47:33,710][restartedMain][INFO][org.springframework.boot.web.embedded.tomcat.TomcatWebServer:90] Tomcat initialized with port(s): 8081 (http)
[2019-09-11 17:47:33,833][restartedMain][INFO][org.apache.coyote.http11.Http11NioProtocol:173] Initializing ProtocolHandler ["http-nio-8081"]
[2019-09-11 17:47:33,850][restartedMain][INFO][org.apache.catalina.core.StandardService:173] Starting service [Tomcat]
[2019-09-11 17:47:33,851][restartedMain][INFO][org.apache.catalina.core.StandardEngine:173] Starting Servlet Engine: Apache Tomcat/9.0.13
[2019-09-11 17:47:33,860][restartedMain][INFO][org.apache.catalina.core.AprLifecycleListener:173] The APR based Apache Tomcat Native library which allows optimal performance in production environments was not found on the java.library.path: [C:\Program Files\Java\jdk1.8.0_161\bin;C:\WINDOWS\Sun\Java\bin;C:\WINDOWS\system32;C:\WINDOWS;C:\Python37\Scripts\;C:\Python37\;C:\ProgramData\Oracle\Java\javapath;C:\Program Files (x86)\Intel\iCLS Client\;C:\Program Files\Intel\iCLS Client\;C:\WINDOWS\system32;C:\WINDOWS;C:\WINDOWS\System32\Wbem;C:\WINDOWS\System32\WindowsPowerShell\v1.0\;C:\Program Files (x86)\Intel\Intel(R) Management Engine Components\DAL;C:\Program Files\Intel\Intel(R) Management Engine Components\DAL;C:\Program Files (x86)\Intel\Intel(R) Management Engine Components\IPT;C:\Program Files\Intel\Intel(R) Management Engine Components\IPT;C:\Program Files\Java\jdk1.8.0_161\bin;C:\WINDOWS\System32\OpenSSH\;E:\Git\Git\cmd;E:\maven\apache-maven-3.5.4-bin\apache-maven-3.5.4\bin;E:\MySQL Server 5.6.26\bin;C:\Program Files\Intel\WiFi\bin\;C:\Program Files\Common Files\Intel\WirelessCommon\;C:\Python27\Scripts;C:\Python27;E:\MongoDB\sever\4.0\bin;C:\Users\rumei\AppData\Local\Microsoft\WindowsApps;C:\Users\rumei\AppData\Local\BypassRuntm;%USERPROFILE%\AppData\Local\Microsoft\WindowsApps;;.]
[2019-09-11 17:47:35,609][restartedMain][INFO][org.apache.catalina.core.ContainerBase.[Tomcat].[localhost].[/]:173] Initializing Spring embedded WebApplicationContext
[2019-09-11 17:47:35,609][restartedMain][INFO][org.springframework.web.context.ContextLoader:296] Root WebApplicationContext: initialization completed in 4808 ms
[2019-09-11 17:47:37,027][restartedMain][INFO][org.mongodb.driver.cluster:71] Cluster created with settings {hosts=[localhost:27017], mode=SINGLE, requiredClusterType=UNKNOWN, serverSelectionTimeout='30000 ms', maxWaitQueueSize=500}
[2019-09-11 17:47:37,139][cluster-ClusterId{value='5d78c2b9bc4e7d8330814226', description='null'}-localhost:27017][INFO][org.mongodb.driver.connection:71] Opened connection [connectionId{localValue:1, serverValue:1}] to localhost:27017
[2019-09-11 17:47:37,146][cluster-ClusterId{value='5d78c2b9bc4e7d8330814226', description='null'}-localhost:27017][INFO][org.mongodb.driver.cluster:71] Monitor thread successfully connected to server with description ServerDescription{address=localhost:27017, type=STANDALONE, state=CONNECTED, ok=true, version=ServerVersion{versionList=[4, 0, 4]}, minWireVersion=0, maxWireVersion=7, maxDocumentSize=16777216, logicalSessionTimeoutMinutes=30, roundTripTimeNanos=4994700}
[2019-09-11 17:47:37,995][restartedMain][INFO][org.springframework.scheduling.concurrent.ThreadPoolTaskExecutor:171] Initializing ExecutorService 'applicationTaskExecutor'
[2019-09-11 17:47:38,179][restartedMain][WARN][org.thymeleaf.templatemode.TemplateMode:150] [THYMELEAF][restartedMain] Template Mode 'HTML5' is deprecated. Using Template Mode 'HTML' instead.
[2019-09-11 17:47:38,247][restartedMain][INFO][org.springframework.boot.autoconfigure.web.servlet.WelcomePageHandlerMapping:61] Adding welcome page template: index
[2019-09-11 17:47:38,737][restartedMain][INFO][org.springframework.boot.devtools.autoconfigure.OptionalLiveReloadServer:57] LiveReload server is running on port 35729
[2019-09-11 17:47:38,787][restartedMain][INFO][org.apache.coyote.http11.Http11NioProtocol:173] Starting ProtocolHandler ["http-nio-8081"]
[2019-09-11 17:47:38,808][restartedMain][INFO][org.apache.tomcat.util.net.NioSelectorPool:173] Using a shared selector for servlet write/read
[2019-09-11 17:47:38,829][restartedMain][INFO][org.springframework.boot.web.embedded.tomcat.TomcatWebServer:204] Tomcat started on port(s): 8081 (http) with context path ''
[2019-09-11 17:47:38,834][restartedMain][INFO][com.soft.eva.EvaApplication:59] Started EvaApplication in 8.823 seconds (JVM running for 23.308)
[2019-09-11 17:47:55,494][http-nio-8081-exec-1][INFO][org.apache.catalina.core.ContainerBase.[Tomcat].[localhost].[/]:173] Initializing Spring DispatcherServlet 'dispatcherServlet'
[2019-09-11 17:47:55,499][http-nio-8081-exec-1][INFO][org.springframework.web.servlet.DispatcherServlet:524] Initializing Servlet 'dispatcherServlet'
[2019-09-11 17:47:55,538][http-nio-8081-exec-1][INFO][org.springframework.web.servlet.DispatcherServlet:546] Completed initialization in 39 ms
[2019-09-11 17:48:04,125][http-nio-8081-exec-4][INFO][org.mongodb.driver.connection:71] Opened connection [connectionId{localValue:2, serverValue:2}] to localhost:27017
